2024.01.29 21:40:50 INFO  Started: Metals version 1.2.0 in folders 'D:\importante\ipea' for client Visual Studio Code 1.85.2.
2024.01.29 21:40:52 WARN  Build server is not auto-connectable.
2024.01.29 21:40:52 WARN  no build tool detected in workspace 'D:\importante\ipea'. The most common cause for this problem is that the editor was opened in the wrong working directory, for example if you use sbt then the workspace directory should contain build.sbt. 
2024.01.29 21:40:52 WARN  no build target for: D:\importante\ipea\scala\hello-world\src\main\scala\Main.scala
2024.01.29 21:41:12 INFO  no build target found for D:\importante\ipea\scala\hello-world\src\main\scala\Main.scala. Using presentation compiler with project's scala-library version: 3.3.1
2024.01.29 21:41:16 INFO  time: code lens generation in 24s
jan 29, 2024 9:41:53 PM org.eclipse.lsp4j.jsonrpc.RemoteEndpoint handleCancellation
ADVERTÊNCIA: Unmatched cancel notification for request id 35
2024.01.29 21:41:59 WARN  no build target for: D:\importante\ipea\scala\hello-world\src\main\scala\Main.scala
2024.01.30 15:35:50 INFO  Shutting down server
2024.01.30 15:35:50 INFO  shutting down Metals
2024.01.30 15:35:50 INFO  Exiting server
2024.01.30 15:41:26 INFO  Started: Metals version 1.2.0 in folders 'D:\importante\ipea' for client Visual Studio Code 1.85.2.
2024.01.30 15:41:29 WARN  Build server is not auto-connectable.
2024.01.30 15:41:29 WARN  no build tool detected in workspace 'D:\importante\ipea'. The most common cause for this problem is that the editor was opened in the wrong working directory, for example if you use sbt then the workspace directory should contain build.sbt. 
2024.01.30 15:41:29 WARN  no build target for: D:\importante\ipea\scala\hello-world\src\main\scala\Main.scala
2024.01.30 15:41:35 INFO  no build target found for D:\importante\ipea\scala\hello-world\src\main\scala\Main.scala. Using presentation compiler with project's scala-library version: 3.3.1
2024.01.30 15:41:37 INFO  time: code lens generation in 8.39s
2024.01.31 06:32:00 INFO  Shutting down server
2024.01.31 06:32:00 INFO  shutting down Metals
2024.01.31 06:32:00 INFO  Exiting server
